2019-03-01 00:22:25.274  INFO 10564 --- [main] c.example.demo.GatewayApplicationTests   : No active profile set, falling back to default profiles: default
2019-03-01 00:22:25.771  INFO 10564 --- [main] o.s.cloud.context.scope.GenericScope     : BeanFactory id=27dd2d33-4249-330e-8999-0fd9a3b523e1
2019-03-01 00:22:25.863  INFO 10564 --- [main] trationDelegate$BeanPostProcessorChecker : Bean 'org.springframework.cloud.autoconfigure.ConfigurationPropertiesRebinderAutoConfiguration' of type [org.springframework.cloud.autoconfigure.ConfigurationPropertiesRebinderAutoConfiguration$$EnhancerBySpringCGLIB$$1457d653] is not eligible for getting processed by all BeanPostProcessors (for example: not eligible for auto-proxying)
2019-03-01 00:22:25.992  WARN 10564 --- [main] c.n.c.sources.URLConfigurationSource     : No URLs will be polled as dynamic configuration sources.
2019-03-01 00:22:25.992  INFO 10564 --- [main] c.n.c.sources.URLConfigurationSource     : To enable URLs as dynamic configuration sources, define System property archaius.configurationSource.additionalUrls or make config.properties available on classpath.
2019-03-01 00:22:25.998  WARN 10564 --- [main] c.n.c.sources.URLConfigurationSource     : No URLs will be polled as dynamic configuration sources.
2019-03-01 00:22:25.998  INFO 10564 --- [main] c.n.c.sources.URLConfigurationSource     : To enable URLs as dynamic configuration sources, define System property archaius.configurationSource.additionalUrls or make config.properties available on classpath.
2019-03-01 00:22:27.522  INFO 10564 --- [main] o.s.cloud.commons.util.InetUtils         : Cannot determine local hostname
2019-03-01 00:22:28.791  INFO 10564 --- [main] o.s.cloud.commons.util.InetUtils         : Cannot determine local hostname
2019-03-01 00:22:29.679  INFO 10564 --- [main] o.s.c.g.r.RouteDefinitionRouteLocator    : Loaded RoutePredicateFactory [After]
2019-03-01 00:22:29.679  INFO 10564 --- [main] o.s.c.g.r.RouteDefinitionRouteLocator    : Loaded RoutePredicateFactory [Before]
2019-03-01 00:22:29.679  INFO 10564 --- [main] o.s.c.g.r.RouteDefinitionRouteLocator    : Loaded RoutePredicateFactory [Between]
2019-03-01 00:22:29.679  INFO 10564 --- [main] o.s.c.g.r.RouteDefinitionRouteLocator    : Loaded RoutePredicateFactory [Cookie]
2019-03-01 00:22:29.679  INFO 10564 --- [main] o.s.c.g.r.RouteDefinitionRouteLocator    : Loaded RoutePredicateFactory [Header]
2019-03-01 00:22:29.679  INFO 10564 --- [main] o.s.c.g.r.RouteDefinitionRouteLocator    : Loaded RoutePredicateFactory [Host]
2019-03-01 00:22:29.680  INFO 10564 --- [main] o.s.c.g.r.RouteDefinitionRouteLocator    : Loaded RoutePredicateFactory [Method]
2019-03-01 00:22:29.680  INFO 10564 --- [main] o.s.c.g.r.RouteDefinitionRouteLocator    : Loaded RoutePredicateFactory [Path]
2019-03-01 00:22:29.680  INFO 10564 --- [main] o.s.c.g.r.RouteDefinitionRouteLocator    : Loaded RoutePredicateFactory [Query]
2019-03-01 00:22:29.680  INFO 10564 --- [main] o.s.c.g.r.RouteDefinitionRouteLocator    : Loaded RoutePredicateFactory [ReadBodyPredicateFactory]
2019-03-01 00:22:29.680  INFO 10564 --- [main] o.s.c.g.r.RouteDefinitionRouteLocator    : Loaded RoutePredicateFactory [RemoteAddr]
2019-03-01 00:22:29.680  INFO 10564 --- [main] o.s.c.g.r.RouteDefinitionRouteLocator    : Loaded RoutePredicateFactory [Weight]
2019-03-01 00:22:29.680  INFO 10564 --- [main] o.s.c.g.r.RouteDefinitionRouteLocator    : Loaded RoutePredicateFactory [CloudFoundryRouteService]
2019-03-01 00:22:30.233  INFO 10564 --- [main] c.example.demo.GatewayApplicationTests   : Started GatewayApplicationTests in 8.24 seconds (JVM running for 9.04)
2019-03-01 00:22:30.411  INFO 10564 --- [Thread-5] o.s.c.n.eureka.InstanceInfoFactory       : Setting initial instance status as: STARTING
2019-03-01 00:22:30.413  INFO 10564 --- [Thread-5] o.s.c.n.e.s.EurekaServiceRegistry        : Unregistering application GATEWAY with eureka with status DOWN
